================================================================================
STEP 5.2: Solve for Equivariant Transition Matrix T_new
================================================================================

Loading generators J^A and J^B...
✓ Generators loaded from /app/sandbox/session_20260118_175817_da8f96a1d029/workflow/data/mnist_generators.npz
  J^A shape: (490, 490)
  J^B shape: (784, 784)
  Estimated from 1000 samples with ε=0.0100 rad

Loading trained CNN model...
✓ Model loaded from /app/sandbox/session_20260118_175817_da8f96a1d029/workflow/data/cnn_mnist.pth
  Using device: cpu

Loading MNIST dataset...
✓ MNIST loaded
  Training samples: 60000

Extracting features from 10000 training samples...
  Processing in batches of 500
  Progress: 0/10000 samples processed
  Progress: 2500/10000 samples processed
  Progress: 5000/10000 samples processed
  Progress: 7500/10000 samples processed
  Progress: 10000/10000 samples processed
✓ Feature extraction complete in 0.03 seconds
  A (CNN features) shape: (10000, 490)
  B (pixel features) shape: (10000, 784)

Initializing EquivariantSolver...
Initialized EquivariantSolver:
  Features: A (10000, 490), B (10000, 784)
  Generators: J^A (490, 490), J^B (784, 784)
  Regularization: λ = 0.5
  T will have shape (784, 490)
  Total unknowns: 384160

Solving for equivariant transition matrix T_new...
  Objective: L(T) = ||B^T - T A^T||_F^2 + λ ||T J^A - J^B T||_F^2
  Regularization: λ = 0.5


Solving equivariant system with LSQR...
  System size: 8224160 × 384160
  Max iterations: 1000, tolerance: 1e-06
 
LSQR            Least-squares solution of  Ax = b
The matrix A has 8224160 rows and 384160 columns
damp = 0.00000000000000e+00   calc_var =        0
atol = 1.00e-06                 conlim = 1.00e+08
btol = 1.00e-06               iter_lim =     1000
 
   Itn      x[0]       r1norm     r2norm   Compatible    LS      Norm A   Cond A
     0  0.00000e+00   9.391e+02  9.391e+02    1.0e+00  1.5e+00
     1  9.01949e-05   8.683e+02  8.683e+02    9.2e-01  2.3e-02   3.7e+03  1.0e+00
     2  1.53488e-04   8.650e+02  8.650e+02    9.2e-01  4.4e-02   3.9e+03  4.0e+00
     3  1.55121e-04   8.650e+02  8.650e+02    9.2e-01  4.5e-03   1.3e+04  1.4e+01
     4  1.56003e-04   8.649e+02  8.649e+02    9.2e-01  3.0e-03   1.6e+04  1.7e+01
     5  1.82271e-04   8.644e+02  8.644e+02    9.2e-01  5.6e-03   1.7e+04  2.5e+01
     6  2.12554e-04   8.638e+02  8.638e+02    9.2e-01  3.9e-03   1.7e+04  3.3e+01
     7  2.14164e-04   8.638e+02  8.638e+02    9.2e-01  3.9e-03   1.9e+04  3.7e+01
     8  2.18188e-04   8.637e+02  8.637e+02    9.2e-01  2.0e-03   2.2e+04  4.4e+01
     9  2.63650e-04   8.632e+02  8.632e+02    9.2e-01  3.6e-03   2.3e+04  5.7e+01
    10  3.24720e-04   8.625e+02  8.625e+02    9.2e-01  9.4e-03   2.3e+04  7.1e+01
   339  6.56032e-03   8.484e+02  8.484e+02    9.0e-01  8.5e-06   1.5e+05  9.7e+03
   352  6.57441e-03   8.483e+02  8.483e+02    9.0e-01  9.6e-06   1.5e+05  1.0e+04
   356  6.57566e-03   8.483e+02  8.483e+02    9.0e-01  9.0e-06   1.5e+05  1.0e+04
   369  6.57818e-03   8.483e+02  8.483e+02    9.0e-01  9.4e-06   1.5e+05  1.1e+04
   372  6.58050e-03   8.483e+02  8.483e+02    9.0e-01  8.9e-06   1.5e+05  1.1e+04
   376  6.58387e-03   8.483e+02  8.483e+02    9.0e-01  8.3e-06   1.5e+05  1.1e+04
   378  6.58669e-03   8.483e+02  8.483e+02    9.0e-01  9.8e-06   1.5e+05  1.1e+04
   384  6.59304e-03   8.483e+02  8.483e+02    9.0e-01  9.8e-06   1.6e+05  1.1e+04
   389  6.59896e-03   8.483e+02  8.483e+02    9.0e-01  7.9e-06   1.6e+05  1.1e+04
   390  6.60217e-03   8.483e+02  8.483e+02    9.0e-01  7.7e-06   1.6e+05  1.2e+04
   395  6.60704e-03   8.483e+02  8.483e+02    9.0e-01  6.9e-06   1.6e+05  1.2e+04
   399  6.61094e-03   8.483e+02  8.483e+02    9.0e-01  8.8e-06   1.6e+05  1.2e+04
   400  6.61097e-03   8.483e+02  8.483e+02    9.0e-01  5.3e-06   1.6e+05  1.2e+04
   403  6.61495e-03   8.483e+02  8.483e+02    9.0e-01  8.5e-06   1.6e+05  1.2e+04
   404  6.61504e-03   8.483e+02  8.483e+02    9.0e-01  5.6e-06   1.6e+05  1.2e+04
   407  6.61639e-03   8.483e+02  8.483e+02    9.0e-01  7.9e-06   1.6e+05  1.2e+04
   408  6.61652e-03   8.483e+02  8.483e+02    9.0e-01  7.2e-06   1.6e+05  1.2e+04
   415  6.61776e-03   8.483e+02  8.483e+02    9.0e-01  8.8e-06   1.6e+05  1.2e+04
   416  6.61777e-03   8.483e+02  8.483e+02    9.0e-01  5.7e-06   1.6e+05  1.2e+04
   420  6.61734e-03   8.483e+02  8.483e+02    9.0e-01  7.2e-06   1.6e+05  1.3e+04
   422  6.61721e-03   8.483e+02  8.483e+02    9.0e-01  9.8e-06   1.6e+05  1.3e+04
   423  6.61721e-03   8.483e+02  8.483e+02    9.0e-01  7.7e-06   1.6e+05  1.3e+04
   428  6.61776e-03   8.483e+02  8.483e+02    9.0e-01  7.5e-06   1.6e+05  1.3e+04
   429  6.61776e-03   8.483e+02  8.483e+02    9.0e-01  6.6e-06   1.6e+05  1.3e+04
   432  6.61780e-03   8.483e+02  8.483e+02    9.0e-01  5.8e-06   1.6e+05  1.3e+04
   433  6.61779e-03   8.483e+02  8.483e+02    9.0e-01  8.8e-06   1.6e+05  1.3e+04
   434  6.61714e-03   8.483e+02  8.483e+02    9.0e-01  8.2e-06   1.6e+05  1.3e+04
   435  6.61713e-03   8.483e+02  8.483e+02    9.0e-01  8.1e-06   1.6e+05  1.3e+04
   436  6.61712e-03   8.483e+02  8.483e+02    9.0e-01  6.0e-06   1.7e+05  1.3e+04
   439  6.61701e-03   8.483e+02  8.483e+02    9.0e-01  3.9e-06   1.7e+05  1.3e+04
   442  6.61809e-03   8.483e+02  8.483e+02    9.0e-01  9.9e-06   1.7e+05  1.3e+04
   443  6.61818e-03   8.483e+02  8.483e+02    9.0e-01  5.1e-06   1.7e+05  1.3e+04
   445  6.61834e-03   8.483e+02  8.483e+02    9.0e-01  7.6e-06   1.7e+05  1.3e+04
   446  6.61838e-03   8.483e+02  8.483e+02    9.0e-01  8.7e-06   1.7e+05  1.4e+04
   447  6.61942e-03   8.483e+02  8.483e+02    9.0e-01  8.4e-06   1.7e+05  1.4e+04
   448  6.61967e-03   8.483e+02  8.483e+02    9.0e-01  6.3e-06   1.7e+05  1.4e+04
   451  6.62240e-03   8.483e+02  8.483e+02    9.0e-01  9.9e-06   1.7e+05  1.4e+04
   452  6.62251e-03   8.483e+02  8.483e+02    9.0e-01  8.5e-06   1.7e+05  1.4e+04
   455  6.62426e-03   8.483e+02  8.483e+02    9.0e-01  3.4e-06   1.7e+05  1.4e+04
   456  6.62624e-03   8.483e+02  8.483e+02    9.0e-01  8.3e-06   1.7e+05  1.4e+04
   459  6.62685e-03   8.483e+02  8.483e+02    9.0e-01  4.3e-06   1.7e+05  1.4e+04
   460  6.62707e-03   8.483e+02  8.483e+02    9.0e-01  7.9e-06   1.7e+05  1.4e+04
   461  6.62870e-03   8.483e+02  8.483e+02    9.0e-01  9.1e-06   1.7e+05  1.4e+04
   463  6.62993e-03   8.483e+02  8.483e+02    9.0e-01  4.0e-06   1.7e+05  1.4e+04
   466  6.63405e-03   8.483e+02  8.483e+02    9.0e-01  8.8e-06   1.7e+05  1.4e+04
   467  6.63410e-03   8.483e+02  8.483e+02    9.0e-01  4.0e-06   1.7e+05  1.4e+04
   469  6.63942e-03   8.483e+02  8.483e+02    9.0e-01  5.6e-06   1.7e+05  1.4e+04
   470  6.63966e-03   8.483e+02  8.483e+02    9.0e-01  8.4e-06   1.7e+05  1.4e+04
   471  6.63974e-03   8.483e+02  8.483e+02    9.0e-01  6.4e-06   1.7e+05  1.4e+04
   472  6.63982e-03   8.483e+02  8.483e+02    9.0e-01  5.1e-06   1.7e+05  1.4e+04
   473  6.64399e-03   8.483e+02  8.483e+02    9.0e-01  7.6e-06   1.7e+05  1.5e+04
   474  6.64542e-03   8.483e+02  8.483e+02    9.0e-01  5.3e-06   1.7e+05  1.5e+04
   475  6.64550e-03   8.483e+02  8.483e+02    9.0e-01  8.8e-06   1.7e+05  1.5e+04
   476  6.64601e-03   8.483e+02  8.483e+02    9.0e-01  1.0e-05   1.7e+05  1.5e+04
   478  6.64883e-03   8.483e+02  8.483e+02    9.0e-01  5.5e-06   1.7e+05  1.5e+04
   479  6.64939e-03   8.483e+02  8.483e+02    9.0e-01  4.5e-06   1.7e+05  1.5e+04
   480  6.64945e-03   8.483e+02  8.483e+02    9.0e-01  7.7e-06   1.7e+05  1.5e+04
   481  6.65104e-03   8.483e+02  8.483e+02    9.0e-01  8.1e-06   1.7e+05  1.5e+04
   482  6.65202e-03   8.483e+02  8.483e+02    9.0e-01  2.5e-06   1.7e+05  1.5e+04
   486  6.65549e-03   8.483e+02  8.483e+02    9.0e-01  3.5e-06   1.7e+05  1.5e+04
   489  6.66065e-03   8.483e+02  8.483e+02    9.0e-01  6.3e-06   1.7e+05  1.5e+04
   490  6.66111e-03   8.483e+02  8.483e+02    9.0e-01  9.6e-06   1.7e+05  1.5e+04
   491  6.66129e-03   8.483e+02  8.483e+02    9.0e-01  4.0e-06   1.8e+05  1.5e+04
   494  6.66403e-03   8.483e+02  8.483e+02    9.0e-01  4.6e-06   1.8e+05  1.5e+04
   495  6.66419e-03   8.483e+02  8.483e+02    9.0e-01  2.6e-06   1.8e+05  1.5e+04
   497  6.66465e-03   8.483e+02  8.483e+02    9.0e-01  9.7e-06   1.8e+05  1.5e+04
   499  6.66642e-03   8.483e+02  8.483e+02    9.0e-01  2.2e-06   1.8e+05  1.5e+04
   500  6.66649e-03   8.483e+02  8.483e+02    9.0e-01  7.0e-06   1.8e+05  1.5e+04
   502  6.66712e-03   8.483e+02  8.483e+02    9.0e-01  3.1e-06   1.8e+05  1.6e+04
   504  6.66768e-03   8.483e+02  8.483e+02    9.0e-01  8.4e-06   1.8e+05  1.6e+04
   506  6.66831e-03   8.483e+02  8.483e+02    9.0e-01  6.2e-06   1.8e+05  1.6e+04
   507  6.66856e-03   8.483e+02  8.483e+02    9.0e-01  2.9e-06   1.8e+05  1.6e+04
   510  6.66992e-03   8.483e+02  8.483e+02    9.0e-01  6.8e-06   1.8e+05  1.6e+04
   511  6.66997e-03   8.483e+02  8.483e+02    9.0e-01  4.4e-06   1.8e+05  1.6e+04
   512  6.67027e-03   8.483e+02  8.483e+02    9.0e-01  5.7e-06   1.8e+05  1.6e+04
   513  6.67171e-03   8.483e+02  8.483e+02    9.0e-01  6.8e-06   1.8e+05  1.6e+04
   515  6.67230e-03   8.483e+02  8.483e+02    9.0e-01  2.9e-06   1.8e+05  1.6e+04
   517  6.67441e-03   8.483e+02  8.483e+02    9.0e-01  7.3e-06   1.8e+05  1.6e+04
   518  6.67462e-03   8.483e+02  8.483e+02    9.0e-01  4.6e-06   1.8e+05  1.6e+04
   519  6.67464e-03   8.483e+02  8.483e+02    9.0e-01  2.5e-06   1.8e+05  1.6e+04
   520  6.67666e-03   8.483e+02  8.483e+02    9.0e-01  4.2e-06   1.8e+05  1.6e+04
   521  6.67702e-03   8.483e+02  8.483e+02    9.0e-01  3.0e-06   1.8e+05  1.6e+04
   522  6.67718e-03   8.483e+02  8.483e+02    9.0e-01  9.8e-06   1.8e+05  1.6e+04
   523  6.67742e-03   8.483e+02  8.483e+02    9.0e-01  6.9e-06   1.8e+05  1.6e+04
   524  6.67759e-03   8.483e+02  8.483e+02    9.0e-01  5.0e-06   1.8e+05  1.6e+04
   525  6.68147e-03   8.483e+02  8.483e+02    9.0e-01  7.6e-06   1.8e+05  1.6e+04
   526  6.68187e-03   8.483e+02  8.483e+02    9.0e-01  2.8e-06   1.8e+05  1.6e+04
   528  6.68293e-03   8.483e+02  8.483e+02    9.0e-01  7.0e-06   1.8e+05  1.7e+04
   530  6.68658e-03   8.483e+02  8.483e+02    9.0e-01  6.0e-06   1.8e+05  1.7e+04
   531  6.68700e-03   8.483e+02  8.483e+02    9.0e-01  3.0e-06   1.8e+05  1.7e+04
   532  6.68701e-03   8.483e+02  8.483e+02    9.0e-01  2.9e-06   1.8e+05  1.7e+04
   533  6.68848e-03   8.483e+02  8.483e+02    9.0e-01  6.7e-06   1.8e+05  1.7e+04
   534  6.68864e-03   8.483e+02  8.483e+02    9.0e-01  2.0e-06   1.8e+05  1.7e+04
   537  6.68906e-03   8.483e+02  8.483e+02    9.0e-01  9.7e-06   1.8e+05  1.7e+04
   538  6.68944e-03   8.483e+02  8.483e+02    9.0e-01  4.8e-06   1.8e+05  1.7e+04
   539  6.68956e-03   8.483e+02  8.483e+02    9.0e-01  3.5e-06   1.8e+05  1.7e+04
   540  6.68956e-03   8.483e+02  8.483e+02    9.0e-01  5.4e-06   1.8e+05  1.7e+04
   541  6.68966e-03   8.483e+02  8.483e+02    9.0e-01  5.1e-06   1.8e+05  1.7e+04
   542  6.68968e-03   8.483e+02  8.483e+02    9.0e-01  4.5e-06   1.8e+05  1.7e+04
   543  6.68968e-03   8.483e+02  8.483e+02    9.0e-01  3.9e-06   1.8e+05  1.7e+04
   544  6.68969e-03   8.483e+02  8.483e+02    9.0e-01  4.7e-06   1.8e+05  1.7e+04
   545  6.68969e-03   8.483e+02  8.483e+02    9.0e-01  3.7e-06   1.8e+05  1.7e+04
   546  6.68982e-03   8.483e+02  8.483e+02    9.0e-01  2.0e-06   1.8e+05  1.7e+04
   547  6.68996e-03   8.483e+02  8.483e+02    9.0e-01  8.2e-06   1.8e+05  1.7e+04
   548  6.68999e-03   8.483e+02  8.483e+02    9.0e-01  9.5e-06   1.9e+05  1.7e+04
   549  6.69007e-03   8.483e+02  8.483e+02    9.0e-01  9.6e-06   1.9e+05  1.7e+04
   550  6.69014e-03   8.483e+02  8.483e+02    9.0e-01  3.2e-06   1.9e+05  1.7e+04
   551  6.69016e-03   8.483e+02  8.483e+02    9.0e-01  2.7e-06   1.9e+05  1.7e+04
   553  6.69120e-03   8.483e+02  8.483e+02    9.0e-01  4.0e-06   1.9e+05  1.8e+04
   554  6.69129e-03   8.483e+02  8.483e+02    9.0e-01  2.6e-06   1.9e+05  1.8e+04
   555  6.69136e-03   8.483e+02  8.483e+02    9.0e-01  6.1e-06   1.9e+05  1.8e+04
   556  6.69142e-03   8.483e+02  8.483e+02    9.0e-01  3.7e-06   1.9e+05  1.8e+04
   558  6.69197e-03   8.483e+02  8.483e+02    9.0e-01  4.8e-06   1.9e+05  1.8e+04
   559  6.69204e-03   8.483e+02  8.483e+02    9.0e-01  2.8e-06   1.9e+05  1.8e+04
   560  6.69219e-03   8.483e+02  8.483e+02    9.0e-01  4.0e-06   1.9e+05  1.8e+04
   562  6.69284e-03   8.483e+02  8.483e+02    9.0e-01  5.1e-06   1.9e+05  1.8e+04
   563  6.69286e-03   8.483e+02  8.483e+02    9.0e-01  2.0e-06   1.9e+05  1.8e+04
   564  6.69317e-03   8.483e+02  8.483e+02    9.0e-01  7.9e-06   1.9e+05  1.8e+04
   565  6.69361e-03   8.483e+02  8.483e+02    9.0e-01  6.5e-06   1.9e+05  1.8e+04
   566  6.69362e-03   8.483e+02  8.483e+02    9.0e-01  5.0e-06   1.9e+05  1.8e+04
   567  6.69366e-03   8.483e+02  8.483e+02    9.0e-01  3.6e-06   1.9e+05  1.8e+04
   568  6.69395e-03   8.483e+02  8.483e+02    9.0e-01  7.7e-06   1.9e+05  1.8e+04
   569  6.69397e-03   8.483e+02  8.483e+02    9.0e-01  2.6e-06   1.9e+05  1.8e+04
   570  6.69398e-03   8.483e+02  8.483e+02    9.0e-01  6.9e-06   1.9e+05  1.8e+04
   571  6.69398e-03   8.483e+02  8.483e+02    9.0e-01  2.8e-06   1.9e+05  1.8e+04
   572  6.69390e-03   8.483e+02  8.483e+02    9.0e-01  3.8e-06   1.9e+05  1.8e+04
   573  6.69385e-03   8.483e+02  8.483e+02    9.0e-01  2.2e-06   1.9e+05  1.8e+04
   574  6.69385e-03   8.483e+02  8.483e+02    9.0e-01  3.6e-06   1.9e+05  1.8e+04
   575  6.69382e-03   8.483e+02  8.483e+02    9.0e-01  4.1e-06   1.9e+05  1.8e+04
   576  6.69375e-03   8.483e+02  8.483e+02    9.0e-01  9.0e-06   1.9e+05  1.8e+04
   577  6.69313e-03   8.483e+02  8.483e+02    9.0e-01  7.3e-06   1.9e+05  1.9e+04
   578  6.69254e-03   8.483e+02  8.483e+02    9.0e-01  2.9e-06   1.9e+05  1.9e+04
   579  6.69254e-03   8.483e+02  8.483e+02    9.0e-01  2.5e-06   1.9e+05  1.9e+04
   580  6.69219e-03   8.483e+02  8.483e+02    9.0e-01  5.5e-06   1.9e+05  1.9e+04
   581  6.69208e-03   8.483e+02  8.483e+02    9.0e-01  6.3e-06   1.9e+05  1.9e+04
   582  6.69205e-03   8.483e+02  8.483e+02    9.0e-01  1.8e-06   1.9e+05  1.9e+04
   583  6.69204e-03   8.483e+02  8.483e+02    9.0e-01  7.2e-06   1.9e+05  1.9e+04
   584  6.69202e-03   8.483e+02  8.483e+02    9.0e-01  6.0e-06   1.9e+05  1.9e+04
   585  6.69180e-03   8.483e+02  8.483e+02    9.0e-01  2.0e-06   1.9e+05  1.9e+04
   586  6.69180e-03   8.483e+02  8.483e+02    9.0e-01  3.5e-06   1.9e+05  1.9e+04
   589  6.69180e-03   8.483e+02  8.483e+02    9.0e-01  5.1e-06   1.9e+05  1.9e+04
   590  6.69177e-03   8.483e+02  8.483e+02    9.0e-01  1.6e-06   1.9e+05  1.9e+04
   591  6.69176e-03   8.483e+02  8.483e+02    9.0e-01  3.4e-06   1.9e+05  1.9e+04
   592  6.69176e-03   8.483e+02  8.483e+02    9.0e-01  8.6e-06   1.9e+05  1.9e+04
   593  6.69173e-03   8.483e+02  8.483e+02    9.0e-01  4.4e-06   1.9e+05  1.9e+04
   594  6.69161e-03   8.483e+02  8.483e+02    9.0e-01  5.9e-06   1.9e+05  1.9e+04
   595  6.69159e-03   8.483e+02  8.483e+02    9.0e-01  2.2e-06   1.9e+05  1.9e+04
   597  6.69114e-03   8.483e+02  8.483e+02    9.0e-01  2.7e-06   1.9e+05  1.9e+04
   598  6.69105e-03   8.483e+02  8.483e+02    9.0e-01  2.8e-06   1.9e+05  1.9e+04
   599  6.69069e-03   8.483e+02  8.483e+02    9.0e-01  8.4e-06   1.9e+05  2.0e+04
   601  6.68977e-03   8.483e+02  8.483e+02    9.0e-01  4.7e-06   1.9e+05  2.0e+04
   602  6.68973e-03   8.483e+02  8.483e+02    9.0e-01  1.9e-06   1.9e+05  2.0e+04
   603  6.68901e-03   8.483e+02  8.483e+02    9.0e-01  3.7e-06   1.9e+05  2.0e+04
   604  6.68828e-03   8.483e+02  8.483e+02    9.0e-01  6.5e-06   1.9e+05  2.0e+04
   605  6.68822e-03   8.483e+02  8.483e+02    9.0e-01  2.1e-06   1.9e+05  2.0e+04
   606  6.68778e-03   8.483e+02  8.483e+02    9.0e-01  3.7e-06   1.9e+05  2.0e+04
   607  6.68725e-03   8.483e+02  8.483e+02    9.0e-01  7.3e-06   1.9e+05  2.0e+04
   608  6.68650e-03   8.483e+02  8.483e+02    9.0e-01  8.1e-06   1.9e+05  2.0e+04
   609  6.68461e-03   8.483e+02  8.483e+02    9.0e-01  8.5e-06   2.0e+05  2.0e+04
   610  6.68437e-03   8.483e+02  8.483e+02    9.0e-01  7.0e-06   2.0e+05  2.0e+04
   611  6.68316e-03   8.483e+02  8.483e+02    9.0e-01  1.5e-06   2.0e+05  2.0e+04
   612  6.67819e-03   8.483e+02  8.483e+02    9.0e-01  7.6e-06   2.0e+05  2.0e+04
   614  6.67582e-03   8.483e+02  8.483e+02    9.0e-01  5.1e-06   2.0e+05  2.0e+04
   615  6.67566e-03   8.483e+02  8.483e+02    9.0e-01  1.5e-06   2.0e+05  2.0e+04
   616  6.67515e-03   8.483e+02  8.483e+02    9.0e-01  5.2e-06   2.0e+05  2.0e+04
   617  6.67203e-03   8.483e+02  8.483e+02    9.0e-01  2.4e-06   2.0e+05  2.0e+04
   618  6.67200e-03   8.483e+02  8.483e+02    9.0e-01  2.0e-06   2.0e+05  2.0e+04
   619  6.67067e-03   8.483e+02  8.483e+02    9.0e-01  4.1e-06   2.0e+05  2.1e+04
   621  6.66753e-03   8.483e+02  8.483e+02    9.0e-01  2.4e-06   2.0e+05  2.1e+04
   622  6.66734e-03   8.483e+02  8.483e+02    9.0e-01  7.0e-06   2.0e+05  2.1e+04
   623  6.66701e-03   8.483e+02  8.483e+02    9.0e-01  2.5e-06   2.0e+05  2.1e+04
   624  6.66660e-03   8.483e+02  8.483e+02    9.0e-01  4.2e-06   2.0e+05  2.1e+04
   625  6.66440e-03   8.483e+02  8.483e+02    9.0e-01  5.8e-06   2.0e+05  2.1e+04
   627  6.66256e-03   8.483e+02  8.483e+02    9.0e-01  2.7e-06   2.0e+05  2.1e+04
   628  6.66249e-03   8.483e+02  8.483e+02    9.0e-01  2.6e-06   2.0e+05  2.1e+04
   629  6.65872e-03   8.483e+02  8.483e+02    9.0e-01  4.7e-06   2.0e+05  2.1e+04
   630  6.65791e-03   8.483e+02  8.483e+02    9.0e-01  4.2e-06   2.0e+05  2.1e+04
   631  6.65786e-03   8.483e+02  8.483e+02    9.0e-01  1.9e-06   2.0e+05  2.1e+04
   632  6.65667e-03   8.483e+02  8.483e+02    9.0e-01  6.2e-06   2.0e+05  2.1e+04
   633  6.65584e-03   8.483e+02  8.483e+02    9.0e-01  2.9e-06   2.0e+05  2.1e+04
   634  6.65577e-03   8.483e+02  8.483e+02    9.0e-01  2.0e-06   2.0e+05  2.1e+04
   636  6.65212e-03   8.483e+02  8.483e+02    9.0e-01  3.9e-06   2.0e+05  2.1e+04
   637  6.65102e-03   8.483e+02  8.483e+02    9.0e-01  2.1e-06   2.0e+05  2.1e+04
   638  6.64980e-03   8.483e+02  8.483e+02    9.0e-01  5.5e-06   2.0e+05  2.2e+04
   639  6.64957e-03   8.483e+02  8.483e+02    9.0e-01  7.4e-06   2.0e+05  2.2e+04
   640  6.64894e-03   8.483e+02  8.483e+02    9.0e-01  8.4e-06   2.0e+05  2.2e+04
   641  6.64800e-03   8.483e+02  8.483e+02    9.0e-01  5.6e-06   2.0e+05  2.2e+04
   642  6.64734e-03   8.483e+02  8.483e+02    9.0e-01  2.3e-06   2.0e+05  2.2e+04
   643  6.64701e-03   8.483e+02  8.483e+02    9.0e-01  2.4e-06   2.0e+05  2.2e+04
   645  6.64406e-03   8.483e+02  8.483e+02    9.0e-01  1.8e-06   2.0e+05  2.2e+04
   646  6.64384e-03   8.483e+02  8.483e+02    9.0e-01  3.6e-06   2.0e+05  2.2e+04
   647  6.64367e-03   8.483e+02  8.483e+02    9.0e-01  3.3e-06   2.0e+05  2.2e+04
   649  6.63813e-03   8.483e+02  8.483e+02    9.0e-01  4.0e-06   2.0e+05  2.2e+04
   650  6.63787e-03   8.483e+02  8.483e+02    9.0e-01  1.5e-06   2.0e+05  2.2e+04
   651  6.63460e-03   8.483e+02  8.483e+02    9.0e-01  4.3e-06   2.0e+05  2.2e+04
   652  6.63440e-03   8.483e+02  8.483e+02    9.0e-01  7.2e-06   2.0e+05  2.2e+04
   653  6.63390e-03   8.483e+02  8.483e+02    9.0e-01  6.3e-06   2.0e+05  2.2e+04
   654  6.63359e-03   8.483e+02  8.483e+02    9.0e-01  1.6e-06   2.0e+05  2.2e+04
   655  6.63268e-03   8.483e+02  8.483e+02    9.0e-01  3.9e-06   2.0e+05  2.2e+04
   656  6.63191e-03   8.483e+02  8.483e+02    9.0e-01  9.5e-06   2.0e+05  2.2e+04
   657  6.63156e-03   8.483e+02  8.483e+02    9.0e-01  7.1e-06   2.0e+05  2.3e+04
   658  6.63028e-03   8.483e+02  8.483e+02    9.0e-01  1.7e-06   2.0e+05  2.3e+04
   659  6.62993e-03   8.483e+02  8.483e+02    9.0e-01  6.0e-06   2.0e+05  2.3e+04
   660  6.62951e-03   8.483e+02  8.483e+02    9.0e-01  5.2e-06   2.0e+05  2.3e+04
   662  6.62627e-03   8.483e+02  8.483e+02    9.0e-01  1.7e-06   2.0e+05  2.3e+04
   663  6.62544e-03   8.483e+02  8.483e+02    9.0e-01  5.1e-06   2.0e+05  2.3e+04
   664  6.62406e-03   8.483e+02  8.483e+02    9.0e-01  5.9e-06   2.0e+05  2.3e+04
   665  6.62375e-03   8.483e+02  8.483e+02    9.0e-01  8.1e-06   2.0e+05  2.3e+04
   666  6.62355e-03   8.483e+02  8.483e+02    9.0e-01  2.3e-06   2.0e+05  2.3e+04
   667  6.62350e-03   8.483e+02  8.483e+02    9.0e-01  2.4e-06   2.0e+05  2.3e+04
   668  6.62221e-03   8.483e+02  8.483e+02    9.0e-01  3.8e-06   2.0e+05  2.3e+04
   669  6.62132e-03   8.483e+02  8.483e+02    9.0e-01  3.7e-06   2.0e+05  2.3e+04
   670  6.62128e-03   8.483e+02  8.483e+02    9.0e-01  2.5e-06   2.0e+05  2.3e+04
   671  6.61853e-03   8.483e+02  8.483e+02    9.0e-01  4.4e-06   2.0e+05  2.3e+04
   672  6.61822e-03   8.483e+02  8.483e+02    9.0e-01  5.8e-06   2.0e+05  2.3e+04
   673  6.61781e-03   8.483e+02  8.483e+02    9.0e-01  3.5e-06   2.1e+05  2.4e+04
   674  6.61764e-03   8.483e+02  8.483e+02    9.0e-01  3.6e-06   2.1e+05  2.4e+04
   675  6.61761e-03   8.483e+02  8.483e+02    9.0e-01  1.3e-06   2.1e+05  2.4e+04
   676  6.61678e-03   8.483e+02  8.483e+02    9.0e-01  4.6e-06   2.1e+05  2.4e+04
   677  6.61409e-03   8.483e+02  8.483e+02    9.0e-01  1.7e-06   2.1e+05  2.4e+04
   678  6.61404e-03   8.483e+02  8.483e+02    9.0e-01  4.3e-06   2.1e+05  2.4e+04
   679  6.61345e-03   8.483e+02  8.483e+02    9.0e-01  9.5e-06   2.1e+05  2.4e+04
   680  6.61085e-03   8.483e+02  8.483e+02    9.0e-01  2.0e-06   2.1e+05  2.4e+04
   681  6.61070e-03   8.483e+02  8.483e+02    9.0e-01  2.1e-06   2.1e+05  2.4e+04
   682  6.60976e-03   8.483e+02  8.483e+02    9.0e-01  5.4e-06   2.1e+05  2.4e+04
   683  6.60951e-03   8.483e+02  8.483e+02    9.0e-01  7.6e-06   2.1e+05  2.4e+04
   684  6.60471e-03   8.483e+02  8.483e+02    9.0e-01  4.5e-06   2.1e+05  2.4e+04
   685  6.60359e-03   8.483e+02  8.483e+02    9.0e-01  5.6e-06   2.1e+05  2.4e+04
   686  6.60331e-03   8.483e+02  8.483e+02    9.0e-01  1.6e-06   2.1e+05  2.4e+04
   688  6.60094e-03   8.483e+02  8.483e+02    9.0e-01  4.4e-06   2.1e+05  2.4e+04
   689  6.59915e-03   8.483e+02  8.483e+02    9.0e-01  4.1e-06   2.1e+05  2.5e+04
   690  6.59851e-03   8.483e+02  8.483e+02    9.0e-01  3.3e-06   2.1e+05  2.5e+04
   691  6.59795e-03   8.483e+02  8.483e+02    9.0e-01  3.9e-06   2.1e+05  2.5e+04
   692  6.59784e-03   8.483e+02  8.483e+02    9.0e-01  4.6e-06   2.1e+05  2.5e+04
   693  6.59717e-03   8.483e+02  8.483e+02    9.0e-01  9.6e-06   2.1e+05  2.5e+04
   694  6.59328e-03   8.483e+02  8.483e+02    9.0e-01  1.3e-06   2.1e+05  2.5e+04
   695  6.59021e-03   8.483e+02  8.483e+02    9.0e-01  8.6e-06   2.1e+05  2.5e+04
   696  6.59005e-03   8.483e+02  8.483e+02    9.0e-01  2.1e-06   2.1e+05  2.5e+04
   697  6.58992e-03   8.483e+02  8.483e+02    9.0e-01  2.5e-06   2.1e+05  2.5e+04
   698  6.58965e-03   8.483e+02  8.483e+02    9.0e-01  5.8e-06   2.1e+05  2.5e+04
   699  6.58926e-03   8.483e+02  8.483e+02    9.0e-01  4.7e-06   2.1e+05  2.5e+04
   700  6.58788e-03   8.483e+02  8.483e+02    9.0e-01  6.5e-06   2.1e+05  2.5e+04
   701  6.58780e-03   8.483e+02  8.483e+02    9.0e-01  2.8e-06   2.1e+05  2.5e+04
   702  6.58746e-03   8.483e+02  8.483e+02    9.0e-01  2.1e-06   2.1e+05  2.5e+04
   703  6.58650e-03   8.483e+02  8.483e+02    9.0e-01  2.8e-06   2.1e+05  2.5e+04
   704  6.58645e-03   8.483e+02  8.483e+02    9.0e-01  5.1e-06   2.1e+05  2.6e+04
   705  6.58630e-03   8.483e+02  8.483e+02    9.0e-01  4.9e-06   2.1e+05  2.6e+04
   706  6.58619e-03   8.483e+02  8.483e+02    9.0e-01  2.2e-06   2.1e+05  2.6e+04
   707  6.58609e-03   8.483e+02  8.483e+02    9.0e-01  3.3e-06   2.1e+05  2.6e+04
   708  6.58532e-03   8.483e+02  8.483e+02    9.0e-01  7.2e-06   2.1e+05  2.6e+04
   710  6.58394e-03   8.483e+02  8.483e+02    9.0e-01  1.3e-06   2.1e+05  2.6e+04
   712  6.58298e-03   8.483e+02  8.483e+02    9.0e-01  2.0e-06   2.1e+05  2.6e+04
   713  6.58297e-03   8.483e+02  8.483e+02    9.0e-01  3.2e-06   2.1e+05  2.6e+04
   714  6.58291e-03   8.483e+02  8.483e+02    9.0e-01  3.7e-06   2.1e+05  2.6e+04
   715  6.58231e-03   8.483e+02  8.483e+02    9.0e-01  5.8e-06   2.1e+05  2.6e+04
   716  6.58125e-03   8.483e+02  8.483e+02    9.0e-01  3.6e-06   2.1e+05  2.7e+04
   717  6.58121e-03   8.483e+02  8.483e+02    9.0e-01  6.7e-06   2.1e+05  2.7e+04
   718  6.58110e-03   8.483e+02  8.483e+02    9.0e-01  5.5e-06   2.1e+05  2.7e+04
   719  6.58103e-03   8.483e+02  8.483e+02    9.0e-01  3.7e-06   2.1e+05  2.7e+04
   720  6.58045e-03   8.483e+02  8.483e+02    9.0e-01  5.2e-06   2.1e+05  2.7e+04
   721  6.57978e-03   8.483e+02  8.483e+02    9.0e-01  5.0e-06   2.1e+05  2.7e+04
   722  6.57976e-03   8.483e+02  8.483e+02    9.0e-01  3.9e-06   2.1e+05  2.7e+04
   723  6.57972e-03   8.483e+02  8.483e+02    9.0e-01  1.7e-06   2.1e+05  2.7e+04
   724  6.57935e-03   8.483e+02  8.483e+02    9.0e-01  6.6e-06   2.1e+05  2.7e+04
   725  6.57927e-03   8.483e+02  8.483e+02    9.0e-01  5.2e-06   2.1e+05  2.7e+04
   726  6.57914e-03   8.483e+02  8.483e+02    9.0e-01  3.2e-06   2.1e+05  2.7e+04
   727  6.57914e-03   8.483e+02  8.483e+02    9.0e-01  1.6e-06   2.1e+05  2.7e+04
   728  6.57883e-03   8.483e+02  8.483e+02    9.0e-01  1.9e-06   2.1e+05  2.8e+04
   729  6.57882e-03   8.483e+02  8.483e+02    9.0e-01  3.6e-06   2.1e+05  2.8e+04
   731  6.57876e-03   8.483e+02  8.483e+02    9.0e-01  5.4e-06   2.1e+05  2.8e+04
   732  6.57873e-03   8.483e+02  8.483e+02    9.0e-01  8.0e-06   2.1e+05  2.8e+04
   733  6.57860e-03   8.483e+02  8.483e+02    9.0e-01  1.6e-06   2.1e+05  2.8e+04
   734  6.57857e-03   8.483e+02  8.483e+02    9.0e-01  7.7e-06   2.1e+05  2.8e+04
   735  6.57856e-03   8.483e+02  8.483e+02    9.0e-01  2.9e-06   2.1e+05  2.8e+04
   736  6.57852e-03   8.483e+02  8.483e+02    9.0e-01  4.5e-06   2.1e+05  2.8e+04
   737  6.57850e-03   8.483e+02  8.483e+02    9.0e-01  4.9e-06   2.1e+05  2.8e+04
   738  6.57850e-03   8.483e+02  8.483e+02    9.0e-01  3.0e-06   2.1e+05  2.8e+04
   739  6.57849e-03   8.483e+02  8.483e+02    9.0e-01  7.0e-06   2.1e+05  2.8e+04
   740  6.57848e-03   8.483e+02  8.483e+02    9.0e-01  5.3e-06   2.2e+05  2.8e+04
   741  6.57835e-03   8.483e+02  8.483e+02    9.0e-01  1.9e-06   2.2e+05  2.9e+04
   742  6.57829e-03   8.483e+02  8.483e+02    9.0e-01  3.9e-06   2.2e+05  2.9e+04
   744  6.57733e-03   8.483e+02  8.483e+02    9.0e-01  7.1e-06   2.2e+05  2.9e+04
   745  6.57729e-03   8.483e+02  8.483e+02    9.0e-01  1.9e-06   2.2e+05  2.9e+04
   746  6.57707e-03   8.483e+02  8.483e+02    9.0e-01  6.0e-06   2.2e+05  2.9e+04
   747  6.57676e-03   8.483e+02  8.483e+02    9.0e-01  5.4e-06   2.2e+05  2.9e+04
   748  6.57672e-03   8.483e+02  8.483e+02    9.0e-01  6.6e-06   2.2e+05  2.9e+04
   749  6.57646e-03   8.483e+02  8.483e+02    9.0e-01  1.6e-06   2.2e+05  2.9e+04
   750  6.57631e-03   8.483e+02  8.483e+02    9.0e-01  4.3e-06   2.2e+05  2.9e+04
   751  6.57621e-03   8.483e+02  8.483e+02    9.0e-01  5.1e-06   2.2e+05  3.0e+04
   753  6.57517e-03   8.483e+02  8.483e+02    9.0e-01  4.5e-06   2.2e+05  3.0e+04
   754  6.57452e-03   8.483e+02  8.483e+02    9.0e-01  1.9e-06   2.2e+05  3.0e+04
   755  6.57426e-03   8.483e+02  8.483e+02    9.0e-01  5.7e-06   2.2e+05  3.0e+04
   757  6.57259e-03   8.483e+02  8.483e+02    9.0e-01  2.6e-06   2.2e+05  3.0e+04
   758  6.57257e-03   8.483e+02  8.483e+02    9.0e-01  1.5e-06   2.2e+05  3.0e+04
   759  6.57221e-03   8.483e+02  8.483e+02    9.0e-01  4.3e-06   2.2e+05  3.0e+04
   760  6.57015e-03   8.483e+02  8.483e+02    9.0e-01  4.6e-06   2.2e+05  3.0e+04
   761  6.57012e-03   8.483e+02  8.483e+02    9.0e-01  2.1e-06   2.2e+05  3.1e+04
   762  6.56917e-03   8.483e+02  8.483e+02    9.0e-01  8.3e-06   2.2e+05  3.1e+04
   763  6.56831e-03   8.483e+02  8.483e+02    9.0e-01  9.4e-06   2.2e+05  3.1e+04
   764  6.56784e-03   8.483e+02  8.483e+02    9.0e-01  6.4e-06   2.2e+05  3.1e+04
   766  6.56695e-03   8.483e+02  8.483e+02    9.0e-01  2.4e-06   2.2e+05  3.1e+04
   767  6.56610e-03   8.483e+02  8.483e+02    9.0e-01  5.1e-06   2.2e+05  3.1e+04
   768  6.56531e-03   8.483e+02  8.483e+02    9.0e-01  3.9e-06   2.2e+05  3.1e+04
   769  6.56524e-03   8.483e+02  8.483e+02    9.0e-01  7.6e-06   2.2e+05  3.1e+04
   770  6.56500e-03   8.483e+02  8.483e+02    9.0e-01  3.8e-06   2.2e+05  3.1e+04
   771  6.56496e-03   8.483e+02  8.483e+02    9.0e-01  2.7e-06   2.2e+05  3.1e+04
   773  6.56338e-03   8.483e+02  8.483e+02    9.0e-01  2.8e-06   2.2e+05  3.2e+04
   774  6.56337e-03   8.483e+02  8.483e+02    9.0e-01  3.4e-06   2.2e+05  3.2e+04
   775  6.56297e-03   8.483e+02  8.483e+02    9.0e-01  3.0e-06   2.2e+05  3.2e+04
   776  6.56293e-03   8.483e+02  8.483e+02    9.0e-01  3.4e-06   2.2e+05  3.2e+04
   777  6.56293e-03   8.483e+02  8.483e+02    9.0e-01  1.8e-06   2.2e+05  3.2e+04
   779  6.56312e-03   8.483e+02  8.483e+02    9.0e-01  8.2e-06   2.2e+05  3.2e+04
   780  6.56325e-03   8.483e+02  8.483e+02    9.0e-01  7.3e-06   2.2e+05  3.3e+04
   781  6.56336e-03   8.483e+02  8.483e+02    9.0e-01  1.6e-06   2.2e+05  3.3e+04
   783  6.56332e-03   8.483e+02  8.483e+02    9.0e-01  8.2e-06   2.2e+05  3.3e+04
   784  6.56330e-03   8.483e+02  8.483e+02    9.0e-01  5.4e-06   2.2e+05  3.3e+04
   785  6.56325e-03   8.483e+02  8.483e+02    9.0e-01  2.8e-06   2.2e+05  3.3e+04
   786  6.56322e-03   8.483e+02  8.483e+02    9.0e-01  2.3e-06   2.2e+05  3.3e+04
   787  6.56321e-03   8.483e+02  8.483e+02    9.0e-01  4.8e-06   2.2e+05  3.3e+04
   788  6.56304e-03   8.483e+02  8.483e+02    9.0e-01  8.3e-06   2.2e+05  3.3e+04
   789  6.56260e-03   8.483e+02  8.483e+02    9.0e-01  2.7e-06   2.2e+05  3.4e+04
   790  6.56259e-03   8.483e+02  8.483e+02    9.0e-01  2.4e-06   2.2e+05  3.4e+04
   792  6.56151e-03   8.483e+02  8.483e+02    9.0e-01  4.2e-06   2.2e+05  3.4e+04
   793  6.56130e-03   8.483e+02  8.483e+02    9.0e-01  2.6e-06   2.2e+05  3.4e+04
   794  6.56077e-03   8.483e+02  8.483e+02    9.0e-01  6.0e-06   2.2e+05  3.4e+04
   795  6.56069e-03   8.483e+02  8.483e+02    9.0e-01  8.1e-06   2.2e+05  3.4e+04
   796  6.56027e-03   8.483e+02  8.483e+02    9.0e-01  7.0e-06   2.2e+05  3.4e+04
   797  6.56004e-03   8.483e+02  8.483e+02    9.0e-01  6.0e-06   2.2e+05  3.4e+04
   798  6.55988e-03   8.483e+02  8.483e+02    9.0e-01  2.3e-06   2.2e+05  3.4e+04
   799  6.55741e-03   8.483e+02  8.483e+02    9.0e-01  9.9e-06   2.2e+05  3.5e+04
   800  6.55729e-03   8.483e+02  8.483e+02    9.0e-01  4.4e-06   2.2e+05  3.5e+04
   801  6.55694e-03   8.483e+02  8.483e+02    9.0e-01  2.2e-06   2.2e+05  3.5e+04
   802  6.55655e-03   8.483e+02  8.483e+02    9.0e-01  4.2e-06   2.2e+05  3.5e+04
   803  6.55643e-03   8.483e+02  8.483e+02    9.0e-01  4.9e-06   2.2e+05  3.5e+04
   805  6.55344e-03   8.483e+02  8.483e+02    9.0e-01  8.8e-06   2.2e+05  3.5e+04
   806  6.55274e-03   8.483e+02  8.483e+02    9.0e-01  1.7e-06   2.2e+05  3.6e+04
   807  6.54942e-03   8.483e+02  8.483e+02    9.0e-01  5.2e-06   2.2e+05  3.6e+04
   808  6.54931e-03   8.483e+02  8.483e+02    9.0e-01  7.1e-06   2.2e+05  3.6e+04
   809  6.54903e-03   8.483e+02  8.483e+02    9.0e-01  3.7e-06   2.3e+05  3.6e+04
   810  6.54897e-03   8.483e+02  8.483e+02    9.0e-01  2.2e-06   2.3e+05  3.6e+04
   811  6.54837e-03   8.483e+02  8.483e+02    9.0e-01  4.3e-06   2.3e+05  3.6e+04
   812  6.54760e-03   8.483e+02  8.483e+02    9.0e-01  6.7e-06   2.3e+05  3.6e+04
   813  6.54744e-03   8.483e+02  8.483e+02    9.0e-01  8.6e-06   2.3e+05  3.6e+04
   814  6.54721e-03   8.483e+02  8.483e+02    9.0e-01  1.8e-06   2.3e+05  3.6e+04
   815  6.54602e-03   8.483e+02  8.483e+02    9.0e-01  7.7e-06   2.3e+05  3.7e+04
   816  6.54579e-03   8.483e+02  8.483e+02    9.0e-01  5.1e-06   2.3e+05  3.7e+04
   817  6.54509e-03   8.483e+02  8.483e+02    9.0e-01  7.5e-06   2.3e+05  3.7e+04
   818  6.54502e-03   8.483e+02  8.483e+02    9.0e-01  2.7e-06   2.3e+05  3.7e+04
   819  6.54475e-03   8.483e+02  8.483e+02    9.0e-01  3.3e-06   2.3e+05  3.7e+04
   820  6.54210e-03   8.483e+02  8.483e+02    9.0e-01  9.3e-06   2.3e+05  3.7e+04
   821  6.54150e-03   8.483e+02  8.483e+02    9.0e-01  9.2e-06   2.3e+05  3.7e+04
   822  6.54138e-03   8.483e+02  8.483e+02    9.0e-01  2.7e-06   2.3e+05  3.8e+04
   823  6.54130e-03   8.483e+02  8.483e+02    9.0e-01  5.4e-06   2.3e+05  3.8e+04
   824  6.53932e-03   8.483e+02  8.483e+02    9.0e-01  2.2e-06   2.3e+05  3.8e+04
   825  6.53914e-03   8.483e+02  8.483e+02    9.0e-01  7.3e-06   2.3e+05  3.8e+04
   826  6.53907e-03   8.483e+02  8.483e+02    9.0e-01  4.1e-06   2.3e+05  3.8e+04
   827  6.53796e-03   8.483e+02  8.483e+02    9.0e-01  4.0e-06   2.3e+05  3.8e+04
   828  6.53775e-03   8.483e+02  8.483e+02    9.0e-01  5.8e-06   2.3e+05  3.8e+04
   829  6.53763e-03   8.483e+02  8.483e+02    9.0e-01  3.4e-06   2.3e+05  3.8e+04
   830  6.53754e-03   8.483e+02  8.483e+02    9.0e-01  4.8e-06   2.3e+05  3.8e+04
   831  6.53751e-03   8.483e+02  8.483e+02    9.0e-01  4.0e-06   2.3e+05  3.8e+04
   832  6.53628e-03   8.483e+02  8.483e+02    9.0e-01  3.2e-06   2.3e+05  3.9e+04
   833  6.53602e-03   8.483e+02  8.483e+02    9.0e-01  2.6e-06   2.3e+05  3.9e+04
   836  6.53506e-03   8.483e+02  8.483e+02    9.0e-01  6.5e-06   2.3e+05  3.9e+04
   837  6.53475e-03   8.483e+02  8.483e+02    9.0e-01  2.6e-06   2.3e+05  3.9e+04
   838  6.53473e-03   8.483e+02  8.483e+02    9.0e-01  2.1e-06   2.3e+05  3.9e+04
   840  6.53466e-03   8.483e+02  8.483e+02    9.0e-01  5.1e-06   2.3e+05  4.0e+04
   841  6.53468e-03   8.483e+02  8.483e+02    9.0e-01  3.0e-06   2.3e+05  4.0e+04
   842  6.53468e-03   8.483e+02  8.483e+02    9.0e-01  2.3e-06   2.3e+05  4.0e+04
   844  6.53538e-03   8.483e+02  8.483e+02    9.0e-01  5.8e-06   2.3e+05  4.0e+04
   845  6.53573e-03   8.483e+02  8.483e+02    9.0e-01  4.3e-06   2.3e+05  4.0e+04
   846  6.53580e-03   8.483e+02  8.483e+02    9.0e-01  1.8e-06   2.3e+05  4.0e+04
   849  6.53754e-03   8.483e+02  8.483e+02    9.0e-01  6.7e-06   2.3e+05  4.1e+04
   850  6.53864e-03   8.483e+02  8.483e+02    9.0e-01  2.2e-06   2.3e+05  4.1e+04
   852  6.53939e-03   8.483e+02  8.483e+02    9.0e-01  7.4e-06   2.3e+05  4.1e+04
   853  6.54019e-03   8.483e+02  8.483e+02    9.0e-01  5.5e-06   2.3e+05  4.2e+04
   854  6.54035e-03   8.483e+02  8.483e+02    9.0e-01  2.6e-06   2.3e+05  4.2e+04
   855  6.54037e-03   8.483e+02  8.483e+02    9.0e-01  3.1e-06   2.3e+05  4.2e+04
   857  6.54082e-03   8.483e+02  8.483e+02    9.0e-01  2.5e-06   2.3e+05  4.2e+04
   858  6.54084e-03   8.483e+02  8.483e+02    9.0e-01  2.6e-06   2.3e+05  4.2e+04
   859  6.54076e-03   8.483e+02  8.483e+02    9.0e-01  5.5e-06   2.3e+05  4.2e+04
   861  6.54064e-03   8.483e+02  8.483e+02    9.0e-01  6.5e-06   2.3e+05  4.2e+04
   862  6.54061e-03   8.483e+02  8.483e+02    9.0e-01  2.7e-06   2.3e+05  4.2e+04
   863  6.54055e-03   8.483e+02  8.483e+02    9.0e-01  4.2e-06   2.3e+05  4.2e+04
   864  6.53917e-03   8.483e+02  8.483e+02    9.0e-01  4.8e-06   2.3e+05  4.3e+04
   865  6.53915e-03   8.483e+02  8.483e+02    9.0e-01  5.7e-06   2.3e+05  4.3e+04
   866  6.53886e-03   8.483e+02  8.483e+02    9.0e-01  2.7e-06   2.3e+05  4.3e+04
   868  6.53747e-03   8.483e+02  8.483e+02    9.0e-01  2.3e-06   2.3e+05  4.4e+04
   869  6.53744e-03   8.483e+02  8.483e+02    9.0e-01  4.6e-06   2.3e+05  4.4e+04
   870  6.53740e-03   8.483e+02  8.483e+02    9.0e-01  2.1e-06   2.3e+05  4.4e+04
   871  6.53728e-03   8.483e+02  8.483e+02    9.0e-01  3.6e-06   2.3e+05  4.4e+04
   872  6.53567e-03   8.483e+02  8.483e+02    9.0e-01  2.5e-06   2.3e+05  4.4e+04
   873  6.53550e-03   8.483e+02  8.483e+02    9.0e-01  9.9e-06   2.3e+05  4.4e+04
   875  6.53412e-03   8.483e+02  8.483e+02    9.0e-01  6.6e-06   2.3e+05  4.4e+04
   876  6.53206e-03   8.483e+02  8.483e+02    9.0e-01  1.8e-06   2.3e+05  4.5e+04
   877  6.53200e-03   8.483e+02  8.483e+02    9.0e-01  4.3e-06   2.3e+05  4.5e+04
   878  6.53197e-03   8.483e+02  8.483e+02    9.0e-01  5.6e-06   2.3e+05  4.5e+04
   879  6.53173e-03   8.483e+02  8.483e+02    9.0e-01  6.5e-06   2.3e+05  4.5e+04
   880  6.53096e-03   8.483e+02  8.483e+02    9.0e-01  9.3e-06   2.3e+05  4.5e+04
   881  6.53086e-03   8.483e+02  8.483e+02    9.0e-01  4.3e-06   2.3e+05  4.5e+04
   882  6.53074e-03   8.483e+02  8.483e+02    9.0e-01  8.1e-06   2.3e+05  4.5e+04
   883  6.53072e-03   8.483e+02  8.483e+02    9.0e-01  2.1e-06   2.4e+05  4.5e+04
   884  6.53082e-03   8.483e+02  8.483e+02    9.0e-01  5.4e-06   2.4e+05  4.6e+04
   885  6.53102e-03   8.483e+02  8.483e+02    9.0e-01  2.0e-06   2.4e+05  4.6e+04
   886  6.53104e-03   8.483e+02  8.483e+02    9.0e-01  5.0e-06   2.4e+05  4.6e+04
   887  6.53114e-03   8.483e+02  8.483e+02    9.0e-01  6.5e-06   2.4e+05  4.6e+04
   889  6.53462e-03   8.483e+02  8.483e+02    9.0e-01  2.1e-06   2.4e+05  4.7e+04
   890  6.53496e-03   8.483e+02  8.483e+02    9.0e-01  7.8e-06   2.4e+05  4.7e+04
   891  6.53502e-03   8.483e+02  8.483e+02    9.0e-01  4.2e-06   2.4e+05  4.7e+04
   892  6.53577e-03   8.483e+02  8.483e+02    9.0e-01  2.4e-06   2.4e+05  4.7e+04
   893  6.53582e-03   8.483e+02  8.483e+02    9.0e-01  3.9e-06   2.4e+05  4.7e+04
   894  6.53611e-03   8.483e+02  8.483e+02    9.0e-01  5.0e-06   2.4e+05  4.7e+04
   896  6.53674e-03   8.483e+02  8.483e+02    9.0e-01  6.5e-06   2.4e+05  4.7e+04
   897  6.53722e-03   8.483e+02  8.483e+02    9.0e-01  2.4e-06   2.4e+05  4.7e+04
   898  6.53740e-03   8.483e+02  8.483e+02    9.0e-01  1.9e-06   2.4e+05  4.7e+04
   901  6.53867e-03   8.483e+02  8.483e+02    9.0e-01  6.6e-06   2.4e+05  4.8e+04
   902  6.53920e-03   8.483e+02  8.483e+02    9.0e-01  2.1e-06   2.4e+05  4.8e+04
   905  6.54096e-03   8.483e+02  8.483e+02    9.0e-01  2.1e-06   2.4e+05  4.8e+04
   907  6.54189e-03   8.483e+02  8.483e+02    9.0e-01  5.6e-06   2.4e+05  4.9e+04
   908  6.54264e-03   8.483e+02  8.483e+02    9.0e-01  8.3e-06   2.4e+05  4.9e+04
   909  6.54269e-03   8.483e+02  8.483e+02    9.0e-01  2.1e-06   2.4e+05  4.9e+04
   910  6.54390e-03   8.483e+02  8.483e+02    9.0e-01  7.1e-06   2.4e+05  4.9e+04
   911  6.54473e-03   8.483e+02  8.483e+02    9.0e-01  8.9e-06   2.4e+05  4.9e+04
   913  6.54571e-03   8.483e+02  8.483e+02    9.0e-01  5.8e-06   2.4e+05  5.0e+04
   914  6.54579e-03   8.483e+02  8.483e+02    9.0e-01  3.1e-06   2.4e+05  5.0e+04
   915  6.54596e-03   8.483e+02  8.483e+02    9.0e-01  2.3e-06   2.4e+05  5.0e+04
   916  6.54822e-03   8.483e+02  8.483e+02    9.0e-01  8.1e-06   2.4e+05  5.0e+04
   917  6.54831e-03   8.483e+02  8.483e+02    9.0e-01  2.6e-06   2.4e+05  5.0e+04
   918  6.54862e-03   8.483e+02  8.483e+02    9.0e-01  3.2e-06   2.4e+05  5.0e+04
   920  6.55054e-03   8.483e+02  8.483e+02    9.0e-01  4.0e-06   2.4e+05  5.1e+04
   921  6.55071e-03   8.483e+02  8.483e+02    9.0e-01  4.3e-06   2.4e+05  5.1e+04
   922  6.55076e-03   8.483e+02  8.483e+02    9.0e-01  2.3e-06   2.4e+05  5.1e+04
   923  6.55266e-03   8.483e+02  8.483e+02    9.0e-01  5.2e-06   2.4e+05  5.1e+04
   924  6.55506e-03   8.483e+02  8.483e+02    9.0e-01  1.7e-06   2.4e+05  5.1e+04
   925  6.55510e-03   8.483e+02  8.483e+02    9.0e-01  3.6e-06   2.4e+05  5.1e+04
   926  6.55539e-03   8.483e+02  8.483e+02    9.0e-01  6.3e-06   2.4e+05  5.1e+04
   927  6.55605e-03   8.483e+02  8.483e+02    9.0e-01  5.0e-06   2.4e+05  5.1e+04
   928  6.55865e-03   8.483e+02  8.483e+02    9.0e-01  5.0e-06   2.4e+05  5.1e+04
   929  6.55924e-03   8.483e+02  8.483e+02    9.0e-01  3.3e-06   2.4e+05  5.1e+04
   930  6.55952e-03   8.483e+02  8.483e+02    9.0e-01  7.9e-06   2.4e+05  5.2e+04
   931  6.55983e-03   8.483e+02  8.483e+02    9.0e-01  1.7e-06   2.4e+05  5.2e+04
   932  6.56300e-03   8.483e+02  8.483e+02    9.0e-01  8.1e-06   2.4e+05  5.2e+04
   933  6.56343e-03   8.483e+02  8.483e+02    9.0e-01  1.8e-06   2.4e+05  5.2e+04
   935  6.57219e-03   8.483e+02  8.483e+02    9.0e-01  6.6e-06   2.4e+05  5.3e+04
   936  6.57306e-03   8.483e+02  8.483e+02    9.0e-01  2.9e-06   2.4e+05  5.3e+04
   937  6.57345e-03   8.483e+02  8.483e+02    9.0e-01  2.4e-06   2.4e+05  5.3e+04
   940  6.57560e-03   8.483e+02  8.483e+02    9.0e-01  6.1e-06   2.4e+05  5.3e+04
   941  6.57827e-03   8.483e+02  8.483e+02    9.0e-01  1.6e-06   2.4e+05  5.3e+04
   942  6.57876e-03   8.483e+02  8.483e+02    9.0e-01  4.8e-06   2.4e+05  5.3e+04
   943  6.57885e-03   8.483e+02  8.483e+02    9.0e-01  7.0e-06   2.4e+05  5.3e+04
   944  6.57977e-03   8.483e+02  8.483e+02    9.0e-01  5.1e-06   2.4e+05  5.4e+04
   945  6.58017e-03   8.483e+02  8.483e+02    9.0e-01  5.8e-06   2.4e+05  5.4e+04
   946  6.58039e-03   8.483e+02  8.483e+02    9.0e-01  5.1e-06   2.4e+05  5.4e+04
   947  6.58068e-03   8.483e+02  8.483e+02    9.0e-01  2.4e-06   2.4e+05  5.4e+04
   949  6.58217e-03   8.483e+02  8.483e+02    9.0e-01  1.9e-06   2.4e+05  5.4e+04
   950  6.58312e-03   8.483e+02  8.483e+02    9.0e-01  4.4e-06   2.4e+05  5.5e+04
   951  6.58315e-03   8.483e+02  8.483e+02    9.0e-01  2.9e-06   2.4e+05  5.5e+04
   952  6.58317e-03   8.483e+02  8.483e+02    9.0e-01  4.6e-06   2.4e+05  5.5e+04
   953  6.58325e-03   8.483e+02  8.483e+02    9.0e-01  5.1e-06   2.4e+05  5.5e+04
   954  6.58386e-03   8.483e+02  8.483e+02    9.0e-01  5.4e-06   2.4e+05  5.5e+04
   955  6.58427e-03   8.483e+02  8.483e+02    9.0e-01  2.7e-06   2.4e+05  5.5e+04
   956  6.58428e-03   8.483e+02  8.483e+02    9.0e-01  3.2e-06   2.4e+05  5.5e+04
   957  6.58436e-03   8.483e+02  8.483e+02    9.0e-01  2.6e-06   2.4e+05  5.5e+04
   959  6.58504e-03   8.483e+02  8.483e+02    9.0e-01  2.7e-06   2.4e+05  5.5e+04
   960  6.58511e-03   8.483e+02  8.483e+02    9.0e-01  7.9e-06   2.4e+05  5.6e+04
   961  6.58516e-03   8.483e+02  8.483e+02    9.0e-01  2.4e-06   2.5e+05  5.6e+04
   962  6.58522e-03   8.483e+02  8.483e+02    9.0e-01  3.3e-06   2.5e+05  5.6e+04
   963  6.58545e-03   8.483e+02  8.483e+02    9.0e-01  4.9e-06   2.5e+05  5.6e+04
   964  6.58596e-03   8.483e+02  8.483e+02    9.0e-01  6.9e-06   2.5e+05  5.6e+04
   965  6.58599e-03   8.483e+02  8.483e+02    9.0e-01  2.5e-06   2.5e+05  5.6e+04
   966  6.58601e-03   8.483e+02  8.483e+02    9.0e-01  2.8e-06   2.5e+05  5.6e+04
   967  6.58713e-03   8.483e+02  8.483e+02    9.0e-01  1.3e-06   2.5e+05  5.7e+04
   968  6.58719e-03   8.483e+02  8.483e+02    9.0e-01  4.5e-06   2.5e+05  5.7e+04
   969  6.58721e-03   8.483e+02  8.483e+02    9.0e-01  4.1e-06   2.5e+05  5.7e+04
   970  6.58745e-03   8.483e+02  8.483e+02    9.0e-01  5.4e-06   2.5e+05  5.7e+04
   971  6.58788e-03   8.483e+02  8.483e+02    9.0e-01  5.0e-06   2.5e+05  5.7e+04
   972  6.58793e-03   8.483e+02  8.483e+02    9.0e-01  1.9e-06   2.5e+05  5.7e+04
   973  6.58802e-03   8.483e+02  8.483e+02    9.0e-01  2.9e-06   2.5e+05  5.7e+04
   974  6.58803e-03   8.483e+02  8.483e+02    9.0e-01  2.6e-06   2.5e+05  5.7e+04
   975  6.58918e-03   8.483e+02  8.483e+02    9.0e-01  4.3e-06   2.5e+05  5.7e+04
   976  6.58958e-03   8.483e+02  8.483e+02    9.0e-01  2.3e-06   2.5e+05  5.7e+04
   977  6.58962e-03   8.483e+02  8.483e+02    9.0e-01  3.4e-06   2.5e+05  5.7e+04
   978  6.58965e-03   8.483e+02  8.483e+02    9.0e-01  3.3e-06   2.5e+05  5.7e+04
   979  6.58968e-03   8.483e+02  8.483e+02    9.0e-01  1.9e-06   2.5e+05  5.8e+04
   980  6.58977e-03   8.483e+02  8.483e+02    9.0e-01  3.0e-06   2.5e+05  5.8e+04
   981  6.59185e-03   8.483e+02  8.483e+02    9.0e-01  2.5e-06   2.5e+05  5.8e+04
   982  6.59199e-03   8.483e+02  8.483e+02    9.0e-01  9.9e-06   2.5e+05  5.8e+04
   983  6.59419e-03   8.483e+02  8.483e+02    9.0e-01  2.0e-06   2.5e+05  5.8e+04
   984  6.59422e-03   8.483e+02  8.483e+02    9.0e-01  1.5e-06   2.5e+05  5.8e+04
   985  6.59459e-03   8.483e+02  8.483e+02    9.0e-01  3.7e-06   2.5e+05  5.8e+04
   987  6.59598e-03   8.483e+02  8.483e+02    9.0e-01  6.6e-06   2.5e+05  5.9e+04
   988  6.59741e-03   8.483e+02  8.483e+02    9.0e-01  2.8e-06   2.5e+05  5.9e+04
   989  6.59806e-03   8.483e+02  8.483e+02    9.0e-01  2.2e-06   2.5e+05  5.9e+04
   990  6.59832e-03   8.483e+02  8.483e+02    9.0e-01  8.6e-06   2.5e+05  5.9e+04
   991  6.59940e-03   8.483e+02  8.483e+02    9.0e-01  1.1e-05   2.5e+05  5.9e+04
   992  6.60100e-03   8.483e+02  8.483e+02    9.0e-01  4.2e-06   2.5e+05  5.9e+04
   993  6.60269e-03   8.483e+02  8.483e+02    9.0e-01  1.5e-06   2.5e+05  5.9e+04
   994  6.60365e-03   8.483e+02  8.483e+02    9.0e-01  8.8e-06   2.5e+05  5.9e+04
   995  6.60421e-03   8.483e+02  8.483e+02    9.0e-01  9.0e-06   2.5e+05  5.9e+04
   996  6.60789e-03   8.483e+02  8.483e+02    9.0e-01  5.0e-06   2.5e+05  6.0e+04
   997  6.60895e-03   8.483e+02  8.483e+02    9.0e-01  4.3e-06   2.5e+05  6.0e+04
   998  6.60913e-03   8.483e+02  8.483e+02    9.0e-01  1.6e-06   2.5e+05  6.0e+04
   999  6.61133e-03   8.483e+02  8.483e+02    9.0e-01  1.6e-05   2.5e+05  6.0e+04
  1000  6.61236e-03   8.483e+02  8.483e+02    9.0e-01  1.7e-06   2.5e+05  6.0e+04
 
LSQR finished
The iteration limit has been reached                      
 
istop =       7   r1norm = 8.5e+02   anorm = 2.5e+05   arnorm = 3.7e+02
itn   =    1000   r2norm = 8.5e+02   acond = 6.0e+04   xnorm  = 4.8e+00
 
  Solver completed in 135.66 seconds
  Iterations: 1000
  Residual norm: 8.482630e+02
  Status: 7

Objective breakdown:
  Reconstruction error: 7.712925e+05
  Symmetry defect: 2.398327e+07
  Total objective: 1.276293e+07

✓ Solver complete
  T_new shape: (784, 490)
  Iterations: 1000
  Status: 7 (1=converged, 2=least squares solution)

Computing metrics for T_new...
  Reconstruction error: 0.098379
  Symmetry defect: ||T J^A - J^B T||_F = 4897.271859
  Total objective: 11991635.928933

Loading baseline T_old for comparison...
✓ Baseline T_old metrics:
  Reconstruction error: 0.068096
  Symmetry defect: ||T J^A - J^B T||_F = 4333.567383
  Total objective: 9389903.000000

Improvements:
  Symmetry defect reduction: -13.01%
  Total objective improvement: -27.71%

Saving T_new to /app/sandbox/session_20260118_175817_da8f96a1d029/workflow/data/t_new_mnist.npy...
✓ T_new saved successfully

================================================================================
STEP 5.2: COMPLETE
================================================================================
Output: /app/sandbox/session_20260118_175817_da8f96a1d029/workflow/data/t_new_mnist.npy
  T_new shape: (784, 490)
  Reconstruction error: 0.098379
  Symmetry defect: 4897.271859

Next step: Run 07_mnist_evaluation.py to evaluate robustness
================================================================================
